<?xml version="1.0" encoding="UTF-8"?>
<testsuite name="SolutionTest" tests="1" skipped="0" failures="0" errors="0" timestamp="2019-10-15T05:22:04" hostname="CNbinhan.bai" time="0.001">
  <properties/>
  <testcase name="shouldListReversed_whenReverseList_given12345" classname="SolutionTest" time="0.001"/>
  <system-out><![CDATA[]]></system-out>
  <system-err><![CDATA[]]></system-err>
</testsuite>
