<?xml version="1.0" encoding="UTF-8"?>
<testsuite name="SolutionTest" tests="1" skipped="0" failures="0" errors="0" timestamp="2019-10-16T06:26:13" hostname="CNbinhan.bai" time="0.002">
  <properties/>
  <testcase name="shouldReturn3_whenGetMaxDepthOfTree_given3920nullNull157" classname="SolutionTest" time="0.002"/>
  <system-out><![CDATA[]]></system-out>
  <system-err><![CDATA[]]></system-err>
</testsuite>
