<?xml version="1.0" encoding="UTF-8"?>
<testsuite name="SolutionTest" tests="12" skipped="0" failures="0" errors="0" timestamp="2019-10-12T07:45:56" hostname="CNbinhan.bai" time="0.004">
  <properties/>
  <testcase name="shouldReturnNegativeOne_whenInput_bba_givenAaaaa" classname="SolutionTest" time="0.001"/>
  <testcase name="shouldReturnBlank_whenGetLongestCommonPrefix_givenBlank" classname="SolutionTest" time="0.0"/>
  <testcase name="shouldReturn0_whenInput_a_given_a" classname="SolutionTest" time="0.0"/>
  <testcase name="shouldReturn2_whenInput_ll_givenHello" classname="SolutionTest" time="0.0"/>
  <testcase name="shouldReturnBlank_whenGetLongestCommonPrefix_givenDogRacecarCar" classname="SolutionTest" time="0.0"/>
  <testcase name="shouldSay3122_whenSayDigit_given11122" classname="SolutionTest" time="0.001"/>
  <testcase name="shouldReturn111221_given5" classname="SolutionTest" time="0.0"/>
  <testcase name="shouldReturn1211_given4" classname="SolutionTest" time="0.0"/>
  <testcase name="shouldCut111_whenCutFirstSameDigit_given11122" classname="SolutionTest" time="0.0"/>
  <testcase name="shouldReturnFl_whenGetLongestCommonPrefix_givenFlowerFlowFlight" classname="SolutionTest" time="0.0"/>
  <testcase name="shouldReturnA_whenGetLongestCommonPrefix_givenA" classname="SolutionTest" time="0.0"/>
  <testcase name="shouldReturn11_given1" classname="SolutionTest" time="0.0"/>
  <system-out><![CDATA[]]></system-out>
  <system-err><![CDATA[]]></system-err>
</testsuite>
