<?xml version="1.0" encoding="UTF-8"?>
<testsuite name="SolutionTest" tests="1" skipped="0" failures="0" errors="0" timestamp="2019-10-15T02:29:01" hostname="CNbinhan.bai" time="0.0">
  <properties/>
  <testcase name="shouldDeleteNodeThatIndex5_whenInputIndex5_givenNodeList" classname="SolutionTest" time="0.0"/>
  <system-out><![CDATA[]]></system-out>
  <system-err><![CDATA[]]></system-err>
</testsuite>
