<?xml version="1.0" encoding="UTF-8"?>
<testsuite name="SolutionTest" tests="1" skipped="0" failures="0" errors="0" timestamp="2019-10-17T07:53:47" hostname="CNbinhan.bai" time="0.001">
  <properties/>
  <testcase name="shouldReturnTrue_whenJudgeIsSymmetric_givenNotSymmetricTree" classname="SolutionTest" time="0.001"/>
  <system-out><![CDATA[]]></system-out>
  <system-err><![CDATA[]]></system-err>
</testsuite>
